Running build source...
building source took 0 seconds
Running garnet_create_synth_project...
garnet_create_synth_project took 13 seconds
Running setting up ips
setting up ips took 0 seconds
Running garnet_synth_design...
garnet_synth_design took 538 seconds
Running acc synth...
acc synth source took 18 seconds
Running acc write_checkpoint...
acc write_checkpoint source took 1 seconds
Running parent garnet_create_impl_project...
parent garnet_create_impl_project took 0 seconds
Running parent garnet_link_design...
parent garnet_link_design took 183 seconds
Running parent garnet_opt_design...
parent garnet_opt_design took 398 seconds
Running parent garnet_place_design...
parent garnet_place_design took 1288 seconds
Running parent garnet_route_design + write...
parent garnet_route_design + write took 1099 seconds
Running parent garnet_report_timing...
parent garnet_report_timing took 19 seconds
Running subdivide step...
Running subdivide step...
subdivide step took 388 seconds
Running acc link_design...
acc link_design took 110 seconds
Running acc opt_design...
acc opt_design took 509 seconds
Running acc place_design...
acc place_design took 1427 seconds
Running acc route_design...
acc route_design took 1176 seconds
Running acc write_checkpoint...
acc write_checkpoint source took 35 seconds
Running create abstract shell...
Running implement abs child...
Running implement abs child...
implement abs child took 852 seconds
total time took 852 seconds
